!SESSION 2018-09-25 20:02:06.357 -----------------------------------------------
eclipse.buildId=unknown
java.fullversion=8.0.5.0 - pwa6480sr5-20170905_01(SR5)
JRE 1.8.0 IBM J9 2.9 Windows 10 amd64-64 Compressed References 20170901_363591 (JIT enabled, AOT enabled)
J9VM - d56eb84
JIT  - tr.open_20170901_140853_d56eb84
OMR  - b033a01
BootLoader constants: OS=win32, ARCH=x86_64, WS=win32, NL=en
Command-line arguments:  -clean -nl en -configuration C:\Users\Lenovo\Desktop\IBM\LP_Basic\.metadata\workspace_oplrun

!ENTRY ilog.odms.ide.opllang.remote 1 0 2018-09-25 20:02:06.357
!MESSAGE Run Basic Configuration in C:/Users/Lenovo/Desktop/IBM/LP_Basic/econPlanning
!SESSION 2018-09-25 20:04:22.757 -----------------------------------------------
eclipse.buildId=unknown
java.fullversion=8.0.5.0 - pwa6480sr5-20170905_01(SR5)
JRE 1.8.0 IBM J9 2.9 Windows 10 amd64-64 Compressed References 20170901_363591 (JIT enabled, AOT enabled)
J9VM - d56eb84
JIT  - tr.open_20170901_140853_d56eb84
OMR  - b033a01
BootLoader constants: OS=win32, ARCH=x86_64, WS=win32, NL=en
Command-line arguments:  -clean -nl en -configuration C:\Users\Lenovo\Desktop\IBM\LP_Basic\.metadata\workspace_oplrun

!ENTRY ilog.odms.ide.opllang.remote 1 0 2018-09-25 20:04:22.757
!MESSAGE Run Basic Configuration in C:/Users/Lenovo/Desktop/IBM/LP_Basic/FactoryPlanning
!SESSION 2018-09-25 20:56:44.584 -----------------------------------------------
eclipse.buildId=unknown
java.fullversion=8.0.5.0 - pwa6480sr5-20170905_01(SR5)
JRE 1.8.0 IBM J9 2.9 Windows 10 amd64-64 Compressed References 20170901_363591 (JIT enabled, AOT enabled)
J9VM - d56eb84
JIT  - tr.open_20170901_140853_d56eb84
OMR  - b033a01
BootLoader constants: OS=win32, ARCH=x86_64, WS=win32, NL=en
Command-line arguments:  -clean -nl en -configuration C:\Users\Lenovo\Desktop\IBM\LP_Basic\.metadata\workspace_oplrun

!ENTRY ilog.odms.ide.opllang.remote 1 0 2018-09-25 20:56:44.584
!MESSAGE Run Basic Configuration in C:/Users/Lenovo/Desktop/IBM/LP_Basic/econPlanning
!SESSION 2018-09-25 21:00:31.493 -----------------------------------------------
eclipse.buildId=unknown
java.fullversion=8.0.5.0 - pwa6480sr5-20170905_01(SR5)
JRE 1.8.0 IBM J9 2.9 Windows 10 amd64-64 Compressed References 20170901_363591 (JIT enabled, AOT enabled)
J9VM - d56eb84
JIT  - tr.open_20170901_140853_d56eb84
OMR  - b033a01
BootLoader constants: OS=win32, ARCH=x86_64, WS=win32, NL=en
Command-line arguments:  -clean -nl en -configuration C:\Users\Lenovo\Desktop\IBM\LP_Basic\.metadata\workspace_oplrun

!ENTRY ilog.odms.ide.opllang.remote 1 0 2018-09-25 21:00:31.494
!MESSAGE Run Basic Configuration in C:/Users/Lenovo/Desktop/IBM/LP_Basic/econPlanning
!SESSION 2018-09-25 21:01:01.041 -----------------------------------------------
eclipse.buildId=unknown
java.fullversion=8.0.5.0 - pwa6480sr5-20170905_01(SR5)
JRE 1.8.0 IBM J9 2.9 Windows 10 amd64-64 Compressed References 20170901_363591 (JIT enabled, AOT enabled)
J9VM - d56eb84
JIT  - tr.open_20170901_140853_d56eb84
OMR  - b033a01
BootLoader constants: OS=win32, ARCH=x86_64, WS=win32, NL=en
Command-line arguments:  -clean -nl en -configuration C:\Users\Lenovo\Desktop\IBM\LP_Basic\.metadata\workspace_oplrun

!ENTRY ilog.odms.ide.opllang.remote 1 0 2018-09-25 21:01:01.042
!MESSAGE Run Basic Configuration in C:/Users/Lenovo/Desktop/IBM/LP_Basic/econPlanning
!SESSION 2018-09-25 21:03:55.578 -----------------------------------------------
eclipse.buildId=unknown
java.fullversion=8.0.5.0 - pwa6480sr5-20170905_01(SR5)
JRE 1.8.0 IBM J9 2.9 Windows 10 amd64-64 Compressed References 20170901_363591 (JIT enabled, AOT enabled)
J9VM - d56eb84
JIT  - tr.open_20170901_140853_d56eb84
OMR  - b033a01
BootLoader constants: OS=win32, ARCH=x86_64, WS=win32, NL=en
Command-line arguments:  -clean -nl en -configuration C:\Users\Lenovo\Desktop\IBM\LP_Basic\.metadata\workspace_oplrun

!ENTRY ilog.odms.ide.opllang.remote 1 0 2018-09-25 21:03:55.579
!MESSAGE Run Basic Configuration in C:/Users/Lenovo/Desktop/IBM/LP_Basic/FactoryPlanning
!SESSION 2018-09-25 21:17:15.169 -----------------------------------------------
eclipse.buildId=unknown
java.fullversion=8.0.5.0 - pwa6480sr5-20170905_01(SR5)
JRE 1.8.0 IBM J9 2.9 Windows 10 amd64-64 Compressed References 20170901_363591 (JIT enabled, AOT enabled)
J9VM - d56eb84
JIT  - tr.open_20170901_140853_d56eb84
OMR  - b033a01
BootLoader constants: OS=win32, ARCH=x86_64, WS=win32, NL=en
Command-line arguments:  -clean -nl en -configuration C:\Users\Lenovo\Desktop\IBM\LP_Basic\.metadata\workspace_oplrun

!ENTRY ilog.odms.ide.opllang.remote 1 0 2018-09-25 21:17:15.170
!MESSAGE Run With maintenance downtime in C:/Users/Lenovo/Desktop/IBM/LP_Basic/FactoryPlanning
!SESSION 2018-09-25 21:18:47.881 -----------------------------------------------
eclipse.buildId=unknown
java.fullversion=8.0.5.0 - pwa6480sr5-20170905_01(SR5)
JRE 1.8.0 IBM J9 2.9 Windows 10 amd64-64 Compressed References 20170901_363591 (JIT enabled, AOT enabled)
J9VM - d56eb84
JIT  - tr.open_20170901_140853_d56eb84
OMR  - b033a01
BootLoader constants: OS=win32, ARCH=x86_64, WS=win32, NL=en
Command-line arguments:  -clean -nl en -configuration C:\Users\Lenovo\Desktop\IBM\LP_Basic\.metadata\workspace_oplrun

!ENTRY ilog.odms.ide.opllang.remote 1 0 2018-09-25 21:18:47.882
!MESSAGE Run Basic Configuration in C:/Users/Lenovo/Desktop/IBM/LP_Basic/farmPlanning
