!SESSION 2018-09-27 10:29:06.829 -----------------------------------------------
eclipse.buildId=unknown
java.fullversion=8.0.5.0 - pwa6480sr5-20170905_01(SR5)
JRE 1.8.0 IBM J9 2.9 Windows 10 amd64-64 Compressed References 20170901_363591 (JIT enabled, AOT enabled)
J9VM - d56eb84
JIT  - tr.open_20170901_140853_d56eb84
OMR  - b033a01
BootLoader constants: OS=win32, ARCH=x86_64, WS=win32, NL=en
Command-line arguments:  -clean -nl en -configuration C:\Users\Lenovo\Desktop\IBM\IP\.metadata\workspace_oplrun

!ENTRY ilog.odms.ide.opllang.remote 1 0 2018-09-27 10:29:06.830
!MESSAGE Run Basic Configuration in C:/Users/Lenovo/Desktop/IBM/IP/covering
!SESSION 2018-09-27 10:34:38.528 -----------------------------------------------
eclipse.buildId=unknown
java.fullversion=8.0.5.0 - pwa6480sr5-20170905_01(SR5)
JRE 1.8.0 IBM J9 2.9 Windows 10 amd64-64 Compressed References 20170901_363591 (JIT enabled, AOT enabled)
J9VM - d56eb84
JIT  - tr.open_20170901_140853_d56eb84
OMR  - b033a01
BootLoader constants: OS=win32, ARCH=x86_64, WS=win32, NL=en
Command-line arguments:  -clean -nl en -configuration C:\Users\Lenovo\Desktop\IBM\IP\.metadata\workspace_oplrun

!ENTRY ilog.odms.ide.opllang.remote 1 0 2018-09-27 10:34:38.528
!MESSAGE Run Basic Configuration in C:/Users/Lenovo/Desktop/IBM/IP/warehouse
!SESSION 2018-09-27 10:43:47.762 -----------------------------------------------
eclipse.buildId=unknown
java.fullversion=8.0.5.0 - pwa6480sr5-20170905_01(SR5)
JRE 1.8.0 IBM J9 2.9 Windows 10 amd64-64 Compressed References 20170901_363591 (JIT enabled, AOT enabled)
J9VM - d56eb84
JIT  - tr.open_20170901_140853_d56eb84
OMR  - b033a01
BootLoader constants: OS=win32, ARCH=x86_64, WS=win32, NL=en
Command-line arguments:  -clean -nl en -configuration C:\Users\Lenovo\Desktop\IBM\IP\.metadata\workspace_oplrun

!ENTRY ilog.odms.ide.opllang.remote 1 0 2018-09-27 10:43:47.762
!MESSAGE Run Basic Configuration in C:/Users/Lenovo/Desktop/IBM/IP/fixed
!SESSION 2018-09-27 10:49:10.574 -----------------------------------------------
eclipse.buildId=unknown
java.fullversion=8.0.5.0 - pwa6480sr5-20170905_01(SR5)
JRE 1.8.0 IBM J9 2.9 Windows 10 amd64-64 Compressed References 20170901_363591 (JIT enabled, AOT enabled)
J9VM - d56eb84
JIT  - tr.open_20170901_140853_d56eb84
OMR  - b033a01
BootLoader constants: OS=win32, ARCH=x86_64, WS=win32, NL=en
Command-line arguments:  -clean -nl en -configuration C:\Users\Lenovo\Desktop\IBM\IP\.metadata\workspace_oplrun

!ENTRY ilog.odms.ide.opllang.remote 1 0 2018-09-27 10:49:10.574
!MESSAGE Run Basic Configuration in C:/Users/Lenovo/Desktop/IBM/IP/convert_example
!SESSION 2018-09-27 10:53:10.016 -----------------------------------------------
eclipse.buildId=unknown
java.fullversion=8.0.5.0 - pwa6480sr5-20170905_01(SR5)
JRE 1.8.0 IBM J9 2.9 Windows 10 amd64-64 Compressed References 20170901_363591 (JIT enabled, AOT enabled)
J9VM - d56eb84
JIT  - tr.open_20170901_140853_d56eb84
OMR  - b033a01
BootLoader constants: OS=win32, ARCH=x86_64, WS=win32, NL=en
Command-line arguments:  -clean -nl en -configuration C:\Users\Lenovo\Desktop\IBM\IP\.metadata\workspace_oplrun

!ENTRY ilog.odms.ide.opllang.remote 1 0 2018-09-27 10:53:10.017
!MESSAGE Run Basic Configuration in C:/Users/Lenovo/Desktop/IBM/IP/prodmilp
!SESSION 2018-09-27 11:01:14.225 -----------------------------------------------
eclipse.buildId=unknown
java.fullversion=8.0.5.0 - pwa6480sr5-20170905_01(SR5)
JRE 1.8.0 IBM J9 2.9 Windows 10 amd64-64 Compressed References 20170901_363591 (JIT enabled, AOT enabled)
J9VM - d56eb84
JIT  - tr.open_20170901_140853_d56eb84
OMR  - b033a01
BootLoader constants: OS=win32, ARCH=x86_64, WS=win32, NL=en
Command-line arguments:  -clean -nl en -configuration C:\Users\Lenovo\Desktop\IBM\IP\.metadata\workspace_oplrun

!ENTRY ilog.odms.ide.opllang.remote 1 0 2018-09-27 11:01:14.225
!MESSAGE Run Basic Configuration in C:/Users/Lenovo/Desktop/IBM/IP/sailco
!SESSION 2018-09-27 11:05:52.023 -----------------------------------------------
eclipse.buildId=unknown
java.fullversion=8.0.5.0 - pwa6480sr5-20170905_01(SR5)
JRE 1.8.0 IBM J9 2.9 Windows 10 amd64-64 Compressed References 20170901_363591 (JIT enabled, AOT enabled)
J9VM - d56eb84
JIT  - tr.open_20170901_140853_d56eb84
OMR  - b033a01
BootLoader constants: OS=win32, ARCH=x86_64, WS=win32, NL=en
Command-line arguments:  -clean -nl en -configuration C:\Users\Lenovo\Desktop\IBM\IP\.metadata\workspace_oplrun

!ENTRY ilog.odms.ide.opllang.remote 1 0 2018-09-27 11:05:52.024
!MESSAGE Run Piecewise linear cost in C:/Users/Lenovo/Desktop/IBM/IP/sailco
