!SESSION 2018-08-01 09:41:56.228 -----------------------------------------------
eclipse.buildId=unknown
java.fullversion=8.0.5.0 - pwa6480sr5-20170905_01(SR5)
JRE 1.8.0 IBM J9 2.9 Windows 10 amd64-64 Compressed References 20170901_363591 (JIT enabled, AOT enabled)
J9VM - d56eb84
JIT  - tr.open_20170901_140853_d56eb84
OMR  - b033a01
BootLoader constants: OS=win32, ARCH=x86_64, WS=win32, NL=en
Command-line arguments:  -clean -nl en -configuration C:\Users\Lenovo\Desktop\IBM\.metadata\workspace_oplrun

!ENTRY ilog.odms.ide.opllang.remote 1 0 2018-08-01 09:41:56.229
!MESSAGE Run Configuration1 in C:/Users/Lenovo/opl/MyFirstProject
!SESSION 2018-08-01 09:44:49.313 -----------------------------------------------
eclipse.buildId=unknown
java.fullversion=8.0.5.0 - pwa6480sr5-20170905_01(SR5)
JRE 1.8.0 IBM J9 2.9 Windows 10 amd64-64 Compressed References 20170901_363591 (JIT enabled, AOT enabled)
J9VM - d56eb84
JIT  - tr.open_20170901_140853_d56eb84
OMR  - b033a01
BootLoader constants: OS=win32, ARCH=x86_64, WS=win32, NL=en
Command-line arguments:  -clean -nl en -configuration C:\Users\Lenovo\Desktop\IBM\.metadata\workspace_oplrun

!ENTRY ilog.odms.ide.opllang.remote 1 0 2018-08-01 09:44:49.314
!MESSAGE Run Configuration1 in C:/Users/Lenovo/opl/MyFirstProject
!SESSION 2018-08-01 09:44:52.939 -----------------------------------------------
eclipse.buildId=unknown
java.fullversion=8.0.5.0 - pwa6480sr5-20170905_01(SR5)
JRE 1.8.0 IBM J9 2.9 Windows 10 amd64-64 Compressed References 20170901_363591 (JIT enabled, AOT enabled)
J9VM - d56eb84
JIT  - tr.open_20170901_140853_d56eb84
OMR  - b033a01
BootLoader constants: OS=win32, ARCH=x86_64, WS=win32, NL=en
Command-line arguments:  -clean -nl en -configuration C:\Users\Lenovo\Desktop\IBM\.metadata\workspace_oplrun

!ENTRY ilog.odms.ide.opllang.remote 1 0 2018-08-01 09:44:52.940
!MESSAGE Run Configuration1 in C:/Users/Lenovo/opl/MyFirstProject
!SESSION 2018-08-01 09:45:16.510 -----------------------------------------------
eclipse.buildId=unknown
java.fullversion=8.0.5.0 - pwa6480sr5-20170905_01(SR5)
JRE 1.8.0 IBM J9 2.9 Windows 10 amd64-64 Compressed References 20170901_363591 (JIT enabled, AOT enabled)
J9VM - d56eb84
JIT  - tr.open_20170901_140853_d56eb84
OMR  - b033a01
BootLoader constants: OS=win32, ARCH=x86_64, WS=win32, NL=en
Command-line arguments:  -clean -nl en -configuration C:\Users\Lenovo\Desktop\IBM\.metadata\workspace_oplrun

!ENTRY ilog.odms.ide.opllang.remote 1 0 2018-08-01 09:45:16.510
!MESSAGE Run Configuration1 in C:/Users/Lenovo/opl/MyFirstProject
!SESSION 2018-08-01 09:47:44.885 -----------------------------------------------
eclipse.buildId=unknown
java.fullversion=8.0.5.0 - pwa6480sr5-20170905_01(SR5)
JRE 1.8.0 IBM J9 2.9 Windows 10 amd64-64 Compressed References 20170901_363591 (JIT enabled, AOT enabled)
J9VM - d56eb84
JIT  - tr.open_20170901_140853_d56eb84
OMR  - b033a01
BootLoader constants: OS=win32, ARCH=x86_64, WS=win32, NL=zh_CN
Command-line arguments:  -clean -nl zh_CN -configuration C:\Users\Lenovo\Desktop\IBM\.metadata\workspace_oplrun

!ENTRY ilog.odms.ide.opllang.remote 1 0 2018-08-01 09:47:44.886
!MESSAGE Run Configuration1 in C:/Users/Lenovo/opl/MyFirstProject
!SESSION 2018-08-01 09:50:12.376 -----------------------------------------------
eclipse.buildId=unknown
java.fullversion=8.0.5.0 - pwa6480sr5-20170905_01(SR5)
JRE 1.8.0 IBM J9 2.9 Windows 10 amd64-64 Compressed References 20170901_363591 (JIT enabled, AOT enabled)
J9VM - d56eb84
JIT  - tr.open_20170901_140853_d56eb84
OMR  - b033a01
BootLoader constants: OS=win32, ARCH=x86_64, WS=win32, NL=zh_CN
Command-line arguments:  -clean -nl zh_CN -configuration C:\Users\Lenovo\Desktop\IBM\.metadata\workspace_oplrun

!ENTRY ilog.odms.ide.opllang.remote 1 0 2018-08-01 09:50:12.377
!MESSAGE Run Configuration1 in C:/Users/Lenovo/opl/MyFirstProject
!SESSION 2018-08-01 09:50:22.240 -----------------------------------------------
eclipse.buildId=unknown
java.fullversion=8.0.5.0 - pwa6480sr5-20170905_01(SR5)
JRE 1.8.0 IBM J9 2.9 Windows 10 amd64-64 Compressed References 20170901_363591 (JIT enabled, AOT enabled)
J9VM - d56eb84
JIT  - tr.open_20170901_140853_d56eb84
OMR  - b033a01
BootLoader constants: OS=win32, ARCH=x86_64, WS=win32, NL=zh_CN
Command-line arguments:  -clean -nl zh_CN -configuration C:\Users\Lenovo\Desktop\IBM\.metadata\workspace_oplrun

!ENTRY ilog.odms.ide.opllang.remote 1 0 2018-08-01 09:50:22.241
!MESSAGE Run Configuration1 in C:/Users/Lenovo/opl/MyFirstProject
!SESSION 2018-08-01 09:51:20.968 -----------------------------------------------
eclipse.buildId=unknown
java.fullversion=8.0.5.0 - pwa6480sr5-20170905_01(SR5)
JRE 1.8.0 IBM J9 2.9 Windows 10 amd64-64 Compressed References 20170901_363591 (JIT enabled, AOT enabled)
J9VM - d56eb84
JIT  - tr.open_20170901_140853_d56eb84
OMR  - b033a01
BootLoader constants: OS=win32, ARCH=x86_64, WS=win32, NL=zh_CN
Command-line arguments:  -clean -nl zh_CN -configuration C:\Users\Lenovo\Desktop\IBM\.metadata\workspace_oplrun

!ENTRY ilog.odms.ide.opllang.remote 1 0 2018-08-01 09:51:20.969
!MESSAGE Run Configuration1 in C:/Users/Lenovo/opl/MyFirstProject
!SESSION 2018-08-01 09:51:36.517 -----------------------------------------------
eclipse.buildId=unknown
java.fullversion=8.0.5.0 - pwa6480sr5-20170905_01(SR5)
JRE 1.8.0 IBM J9 2.9 Windows 10 amd64-64 Compressed References 20170901_363591 (JIT enabled, AOT enabled)
J9VM - d56eb84
JIT  - tr.open_20170901_140853_d56eb84
OMR  - b033a01
BootLoader constants: OS=win32, ARCH=x86_64, WS=win32, NL=zh_CN
Command-line arguments:  -clean -nl zh_CN -configuration C:\Users\Lenovo\Desktop\IBM\.metadata\workspace_oplrun

!ENTRY ilog.odms.ide.opllang.remote 1 0 2018-08-01 09:51:36.517
!MESSAGE Run Basic Configuration in C:/Users/Lenovo/Desktop/IBM/covering
!SESSION 2018-08-01 10:35:57.479 -----------------------------------------------
eclipse.buildId=unknown
java.fullversion=8.0.5.0 - pwa6480sr5-20170905_01(SR5)
JRE 1.8.0 IBM J9 2.9 Windows 10 amd64-64 Compressed References 20170901_363591 (JIT enabled, AOT enabled)
J9VM - d56eb84
JIT  - tr.open_20170901_140853_d56eb84
OMR  - b033a01
BootLoader constants: OS=win32, ARCH=x86_64, WS=win32, NL=en
Command-line arguments:  -clean -nl en -configuration C:\Users\Lenovo\Desktop\IBM\.metadata\workspace_oplrun

!ENTRY ilog.odms.ide.opllang.remote 1 0 2018-08-01 10:35:57.480
!MESSAGE Run Basic Configuration in C:/Users/Lenovo/Desktop/IBM/warehouse
!SESSION 2018-08-01 10:45:51.035 -----------------------------------------------
eclipse.buildId=unknown
java.fullversion=8.0.5.0 - pwa6480sr5-20170905_01(SR5)
JRE 1.8.0 IBM J9 2.9 Windows 10 amd64-64 Compressed References 20170901_363591 (JIT enabled, AOT enabled)
J9VM - d56eb84
JIT  - tr.open_20170901_140853_d56eb84
OMR  - b033a01
BootLoader constants: OS=win32, ARCH=x86_64, WS=win32, NL=en
Command-line arguments:  -clean -nl en -configuration C:\Users\Lenovo\Desktop\IBM\.metadata\workspace_oplrun

!ENTRY ilog.odms.ide.opllang.remote 1 0 2018-08-01 10:45:51.036
!MESSAGE Run Basic Configuration in C:/Users/Lenovo/Desktop/IBM/warehouse
!SESSION 2018-08-01 11:13:55.418 -----------------------------------------------
eclipse.buildId=unknown
java.fullversion=8.0.5.0 - pwa6480sr5-20170905_01(SR5)
JRE 1.8.0 IBM J9 2.9 Windows 10 amd64-64 Compressed References 20170901_363591 (JIT enabled, AOT enabled)
J9VM - d56eb84
JIT  - tr.open_20170901_140853_d56eb84
OMR  - b033a01
BootLoader constants: OS=win32, ARCH=x86_64, WS=win32, NL=en
Command-line arguments:  -clean -nl en -configuration C:\Users\Lenovo\Desktop\IBM\.metadata\workspace_oplrun

!ENTRY ilog.odms.ide.opllang.remote 1 0 2018-08-01 11:13:55.419
!MESSAGE Run Main in C:/Users/Lenovo/Desktop/IBM/basketballscheduling
!SESSION 2018-08-01 11:14:14.291 -----------------------------------------------
eclipse.buildId=unknown
java.fullversion=8.0.5.0 - pwa6480sr5-20170905_01(SR5)
JRE 1.8.0 IBM J9 2.9 Windows 10 amd64-64 Compressed References 20170901_363591 (JIT enabled, AOT enabled)
J9VM - d56eb84
JIT  - tr.open_20170901_140853_d56eb84
OMR  - b033a01
BootLoader constants: OS=win32, ARCH=x86_64, WS=win32, NL=en
Command-line arguments:  -clean -nl en -configuration C:\Users\Lenovo\Desktop\IBM\.metadata\workspace_oplrun

!ENTRY ilog.odms.ide.opllang.remote 1 0 2018-08-01 11:14:14.292
!MESSAGE Run Main in C:/Users/Lenovo/Desktop/IBM/basketballscheduling
!SESSION 2018-08-01 11:14:29.028 -----------------------------------------------
eclipse.buildId=unknown
java.fullversion=8.0.5.0 - pwa6480sr5-20170905_01(SR5)
JRE 1.8.0 IBM J9 2.9 Windows 10 amd64-64 Compressed References 20170901_363591 (JIT enabled, AOT enabled)
J9VM - d56eb84
JIT  - tr.open_20170901_140853_d56eb84
OMR  - b033a01
BootLoader constants: OS=win32, ARCH=x86_64, WS=win32, NL=en
Command-line arguments:  -clean -nl en -configuration C:\Users\Lenovo\Desktop\IBM\.metadata\workspace_oplrun

!ENTRY ilog.odms.ide.opllang.remote 1 0 2018-08-01 11:14:29.028
!MESSAGE Run Pattern set in C:/Users/Lenovo/Desktop/IBM/basketballscheduling
!SESSION 2018-09-23 17:04:39.890 -----------------------------------------------
eclipse.buildId=unknown
java.fullversion=8.0.5.0 - pwa6480sr5-20170905_01(SR5)
JRE 1.8.0 IBM J9 2.9 Windows 10 amd64-64 Compressed References 20170901_363591 (JIT enabled, AOT enabled)
J9VM - d56eb84
JIT  - tr.open_20170901_140853_d56eb84
OMR  - b033a01
BootLoader constants: OS=win32, ARCH=x86_64, WS=win32, NL=zh_CN
Command-line arguments:  -clean -nl zh_CN -configuration C:\Users\Lenovo\Desktop\IBM\.metadata\workspace_oplrun

!ENTRY ilog.odms.ide.opllang.remote 1 0 2018-09-23 17:04:39.890
!MESSAGE Run Basic Configuration in C:/Users/Lenovo/Desktop/IBM/yield
!SESSION 2018-09-23 17:10:32.393 -----------------------------------------------
eclipse.buildId=unknown
java.fullversion=8.0.5.0 - pwa6480sr5-20170905_01(SR5)
JRE 1.8.0 IBM J9 2.9 Windows 10 amd64-64 Compressed References 20170901_363591 (JIT enabled, AOT enabled)
J9VM - d56eb84
JIT  - tr.open_20170901_140853_d56eb84
OMR  - b033a01
BootLoader constants: OS=win32, ARCH=x86_64, WS=win32, NL=zh_CN
Command-line arguments:  -clean -nl zh_CN -configuration C:\Users\Lenovo\Desktop\IBM\.metadata\workspace_oplrun

!ENTRY ilog.odms.ide.opllang.remote 1 0 2018-09-23 17:10:32.394
!MESSAGE Run Basic Configuration in C:/Users/Lenovo/Desktop/IBM/production
!SESSION 2018-09-23 19:47:36.585 -----------------------------------------------
eclipse.buildId=unknown
java.fullversion=8.0.5.0 - pwa6480sr5-20170905_01(SR5)
JRE 1.8.0 IBM J9 2.9 Windows 10 amd64-64 Compressed References 20170901_363591 (JIT enabled, AOT enabled)
J9VM - d56eb84
JIT  - tr.open_20170901_140853_d56eb84
OMR  - b033a01
BootLoader constants: OS=win32, ARCH=x86_64, WS=win32, NL=zh_CN
Command-line arguments:  -clean -nl zh_CN -configuration C:\Users\Lenovo\Desktop\IBM\.metadata\workspace_oplrun

!ENTRY ilog.odms.ide.opllang.remote 1 0 2018-09-23 19:47:36.586
!MESSAGE Run Basic Configuration in C:/Users/Lenovo/Desktop/IBM/warehouse
!SESSION 2018-09-23 20:22:36.185 -----------------------------------------------
eclipse.buildId=unknown
java.fullversion=8.0.5.0 - pwa6480sr5-20170905_01(SR5)
JRE 1.8.0 IBM J9 2.9 Windows 10 amd64-64 Compressed References 20170901_363591 (JIT enabled, AOT enabled)
J9VM - d56eb84
JIT  - tr.open_20170901_140853_d56eb84
OMR  - b033a01
BootLoader constants: OS=win32, ARCH=x86_64, WS=win32, NL=zh_CN
Command-line arguments:  -clean -nl zh_CN -configuration C:\Users\Lenovo\Desktop\IBM\.metadata\workspace_oplrun

!ENTRY ilog.odms.ide.opllang.remote 1 0 2018-09-23 20:22:36.185
!MESSAGE Run Basic Configuration in C:/Users/Lenovo/Desktop/IBM/warehouse
!SESSION 2018-09-23 20:49:49.503 -----------------------------------------------
eclipse.buildId=unknown
java.fullversion=8.0.5.0 - pwa6480sr5-20170905_01(SR5)
JRE 1.8.0 IBM J9 2.9 Windows 10 amd64-64 Compressed References 20170901_363591 (JIT enabled, AOT enabled)
J9VM - d56eb84
JIT  - tr.open_20170901_140853_d56eb84
OMR  - b033a01
BootLoader constants: OS=win32, ARCH=x86_64, WS=win32, NL=zh_CN
Command-line arguments:  -clean -nl zh_CN -configuration C:\Users\Lenovo\Desktop\IBM\.metadata\workspace_oplrun

!ENTRY ilog.odms.ide.opllang.remote 1 0 2018-09-23 20:49:49.504
!MESSAGE Run 配置 1 in C:/Users/Lenovo/Desktop/IBM/myFirstProject

!ENTRY ilog.odms.ide.opllang.remote 4 0 2018-09-23 20:49:49.550
!MESSAGE load failed
!STACK 1
org.eclipse.core.runtime.CoreException: load failed
	at ilog.odms.ide.opllang.remote.IloOplRunConfigRunner.doSetUpModel(IloOplRunConfigRunner.java:146)
	at ilog.odms.ide.opllang.remote.IloOplRunConfigRunner.doRun(IloOplRunConfigRunner.java:374)
	at ilog.odms.ide.opllang.run.IloAbstractRunShell$2.run(IloAbstractRunShell.java:1587)
	at org.eclipse.core.internal.jobs.Worker.run(Worker.java:54)
Caused by: ilog.concert.IloException: ÔËÐÐÅäÖá°配置 1¡±²»´æÔڡ£
	at ilog.opl.opl_lang_wrapJNI.IloOplRunConfiguration_getCppOplModel(Native Method)
	at ilog.opl.IloOplRunConfiguration.getCppOplModel(IloOplRunConfiguration.java:226)
	at ilog.opl.IloOplRunConfiguration.getOplModel(IloOplRunConfiguration.java:116)
	at ilog.odms.ide.opllang.remote.IloOplRunConfigRunner.doSetUpModel(IloOplRunConfigRunner.java:140)
	... 3 more
!SUBENTRY 1 ilog.odms.ide.opllang.remote 4 0 2018-09-23 20:49:49.551
!MESSAGE load failed
!STACK 0
ilog.concert.IloException: ÔËÐÐÅäÖá°配置 1¡±²»´æÔڡ£
	at ilog.opl.opl_lang_wrapJNI.IloOplRunConfiguration_getCppOplModel(Native Method)
	at ilog.opl.IloOplRunConfiguration.getCppOplModel(IloOplRunConfiguration.java:226)
	at ilog.opl.IloOplRunConfiguration.getOplModel(IloOplRunConfiguration.java:116)
	at ilog.odms.ide.opllang.remote.IloOplRunConfigRunner.doSetUpModel(IloOplRunConfigRunner.java:140)
	at ilog.odms.ide.opllang.remote.IloOplRunConfigRunner.doRun(IloOplRunConfigRunner.java:374)
	at ilog.odms.ide.opllang.run.IloAbstractRunShell$2.run(IloAbstractRunShell.java:1587)
	at org.eclipse.core.internal.jobs.Worker.run(Worker.java:54)
!SESSION 2018-09-23 20:56:13.664 -----------------------------------------------
eclipse.buildId=unknown
java.fullversion=8.0.5.0 - pwa6480sr5-20170905_01(SR5)
JRE 1.8.0 IBM J9 2.9 Windows 10 amd64-64 Compressed References 20170901_363591 (JIT enabled, AOT enabled)
J9VM - d56eb84
JIT  - tr.open_20170901_140853_d56eb84
OMR  - b033a01
BootLoader constants: OS=win32, ARCH=x86_64, WS=win32, NL=zh_CN
Command-line arguments:  -clean -nl zh_CN -configuration C:\Users\Lenovo\Desktop\IBM\.metadata\workspace_oplrun

!ENTRY ilog.odms.ide.opllang.remote 1 0 2018-09-23 20:56:13.665
!MESSAGE Run 配置 1 in C:/Users/Lenovo/Desktop/IBM/myFirstProject

!ENTRY ilog.odms.ide.opllang.remote 4 0 2018-09-23 20:56:13.714
!MESSAGE load failed
!STACK 1
org.eclipse.core.runtime.CoreException: load failed
	at ilog.odms.ide.opllang.remote.IloOplRunConfigRunner.doSetUpModel(IloOplRunConfigRunner.java:146)
	at ilog.odms.ide.opllang.remote.IloOplRunConfigRunner.doRun(IloOplRunConfigRunner.java:374)
	at ilog.odms.ide.opllang.run.IloAbstractRunShell$2.run(IloAbstractRunShell.java:1587)
	at org.eclipse.core.internal.jobs.Worker.run(Worker.java:54)
Caused by: ilog.concert.IloException: ÔËÐÐÅäÖá°配置 1¡±²»´æÔڡ£
	at ilog.opl.opl_lang_wrapJNI.IloOplRunConfiguration_getCppOplModel(Native Method)
	at ilog.opl.IloOplRunConfiguration.getCppOplModel(IloOplRunConfiguration.java:226)
	at ilog.opl.IloOplRunConfiguration.getOplModel(IloOplRunConfiguration.java:116)
	at ilog.odms.ide.opllang.remote.IloOplRunConfigRunner.doSetUpModel(IloOplRunConfigRunner.java:140)
	... 3 more
!SUBENTRY 1 ilog.odms.ide.opllang.remote 4 0 2018-09-23 20:56:13.715
!MESSAGE load failed
!STACK 0
ilog.concert.IloException: ÔËÐÐÅäÖá°配置 1¡±²»´æÔڡ£
	at ilog.opl.opl_lang_wrapJNI.IloOplRunConfiguration_getCppOplModel(Native Method)
	at ilog.opl.IloOplRunConfiguration.getCppOplModel(IloOplRunConfiguration.java:226)
	at ilog.opl.IloOplRunConfiguration.getOplModel(IloOplRunConfiguration.java:116)
	at ilog.odms.ide.opllang.remote.IloOplRunConfigRunner.doSetUpModel(IloOplRunConfigRunner.java:140)
	at ilog.odms.ide.opllang.remote.IloOplRunConfigRunner.doRun(IloOplRunConfigRunner.java:374)
	at ilog.odms.ide.opllang.run.IloAbstractRunShell$2.run(IloAbstractRunShell.java:1587)
	at org.eclipse.core.internal.jobs.Worker.run(Worker.java:54)
!SESSION 2018-09-23 20:59:13.333 -----------------------------------------------
eclipse.buildId=unknown
java.fullversion=8.0.5.0 - pwa6480sr5-20170905_01(SR5)
JRE 1.8.0 IBM J9 2.9 Windows 10 amd64-64 Compressed References 20170901_363591 (JIT enabled, AOT enabled)
J9VM - d56eb84
JIT  - tr.open_20170901_140853_d56eb84
OMR  - b033a01
BootLoader constants: OS=win32, ARCH=x86_64, WS=win32, NL=en
Command-line arguments:  -clean -nl en -configuration C:\Users\Lenovo\Desktop\IBM\.metadata\workspace_oplrun

!ENTRY ilog.odms.ide.opllang.remote 1 0 2018-09-23 20:59:13.334
!MESSAGE Run Configuration 1 in C:/Users/Lenovo/Desktop/IBM/myFirstProject
!SESSION 2018-09-23 21:02:53.976 -----------------------------------------------
eclipse.buildId=unknown
java.fullversion=8.0.5.0 - pwa6480sr5-20170905_01(SR5)
JRE 1.8.0 IBM J9 2.9 Windows 10 amd64-64 Compressed References 20170901_363591 (JIT enabled, AOT enabled)
J9VM - d56eb84
JIT  - tr.open_20170901_140853_d56eb84
OMR  - b033a01
BootLoader constants: OS=win32, ARCH=x86_64, WS=win32, NL=en
Command-line arguments:  -clean -nl en -configuration C:\Users\Lenovo\Desktop\IBM\.metadata\workspace_oplrun

!ENTRY ilog.odms.ide.opllang.remote 1 0 2018-09-23 21:02:53.977
!MESSAGE Run Configuration1 in C:/Users/Lenovo/Desktop/IBM/myFirstProject
!SESSION 2018-09-23 21:46:11.029 -----------------------------------------------
eclipse.buildId=unknown
java.fullversion=8.0.5.0 - pwa6480sr5-20170905_01(SR5)
JRE 1.8.0 IBM J9 2.9 Windows 10 amd64-64 Compressed References 20170901_363591 (JIT enabled, AOT enabled)
J9VM - d56eb84
JIT  - tr.open_20170901_140853_d56eb84
OMR  - b033a01
BootLoader constants: OS=win32, ARCH=x86_64, WS=win32, NL=en
Command-line arguments:  -clean -nl en -configuration C:\Users\Lenovo\Desktop\IBM\.metadata\workspace_oplrun

!ENTRY ilog.odms.ide.opllang.remote 1 0 2018-09-23 21:46:11.030
!MESSAGE Run Basic Configuration in C:/Users/Lenovo/Desktop/IBM/sched_intro
!SESSION 2018-09-23 22:06:26.708 -----------------------------------------------
eclipse.buildId=unknown
java.fullversion=8.0.5.0 - pwa6480sr5-20170905_01(SR5)
JRE 1.8.0 IBM J9 2.9 Windows 10 amd64-64 Compressed References 20170901_363591 (JIT enabled, AOT enabled)
J9VM - d56eb84
JIT  - tr.open_20170901_140853_d56eb84
OMR  - b033a01
BootLoader constants: OS=win32, ARCH=x86_64, WS=win32, NL=en
Command-line arguments:  -clean -nl en -configuration C:\Users\Lenovo\Desktop\IBM\.metadata\workspace_oplrun

!ENTRY ilog.odms.ide.opllang.remote 1 0 2018-09-23 22:06:26.709
!MESSAGE Run sched_time in C:/Users/Lenovo/Desktop/IBM/scheduling_tutorial
!SESSION 2018-09-23 22:22:54.107 -----------------------------------------------
eclipse.buildId=unknown
java.fullversion=8.0.5.0 - pwa6480sr5-20170905_01(SR5)
JRE 1.8.0 IBM J9 2.9 Windows 10 amd64-64 Compressed References 20170901_363591 (JIT enabled, AOT enabled)
J9VM - d56eb84
JIT  - tr.open_20170901_140853_d56eb84
OMR  - b033a01
BootLoader constants: OS=win32, ARCH=x86_64, WS=win32, NL=en
Command-line arguments:  -clean -nl en -configuration C:\Users\Lenovo\Desktop\IBM\.metadata\workspace_oplrun

!ENTRY ilog.odms.ide.opllang.remote 1 0 2018-09-23 22:22:54.108
!MESSAGE Run sched_sequence in C:/Users/Lenovo/Desktop/IBM/scheduling_tutorial
!SESSION 2018-09-24 09:23:52.487 -----------------------------------------------
eclipse.buildId=unknown
java.fullversion=8.0.5.0 - pwa6480sr5-20170905_01(SR5)
JRE 1.8.0 IBM J9 2.9 Windows 10 amd64-64 Compressed References 20170901_363591 (JIT enabled, AOT enabled)
J9VM - d56eb84
JIT  - tr.open_20170901_140853_d56eb84
OMR  - b033a01
BootLoader constants: OS=win32, ARCH=x86_64, WS=win32, NL=en
Command-line arguments:  -clean -nl en -configuration C:\Users\Lenovo\Desktop\IBM\.metadata\workspace_oplrun

!ENTRY ilog.odms.ide.opllang.remote 1 0 2018-09-24 09:23:52.488
!MESSAGE Run Configuration1 in C:/Users/Lenovo/Desktop/IBM/volsay
!SESSION 2018-09-24 10:17:02.792 -----------------------------------------------
eclipse.buildId=unknown
java.fullversion=8.0.5.0 - pwa6480sr5-20170905_01(SR5)
JRE 1.8.0 IBM J9 2.9 Windows 10 amd64-64 Compressed References 20170901_363591 (JIT enabled, AOT enabled)
J9VM - d56eb84
JIT  - tr.open_20170901_140853_d56eb84
OMR  - b033a01
BootLoader constants: OS=win32, ARCH=x86_64, WS=win32, NL=en
Command-line arguments:  -clean -nl en -configuration C:\Users\Lenovo\Desktop\IBM\.metadata\workspace_oplrun

!ENTRY ilog.odms.ide.opllang.remote 1 0 2018-09-24 10:17:02.793
!MESSAGE Run Basic Configuration in C:/Users/Lenovo/Desktop/IBM/nurses
!SESSION 2018-09-24 20:57:54.910 -----------------------------------------------
eclipse.buildId=unknown
java.fullversion=8.0.5.0 - pwa6480sr5-20170905_01(SR5)
JRE 1.8.0 IBM J9 2.9 Windows 10 amd64-64 Compressed References 20170901_363591 (JIT enabled, AOT enabled)
J9VM - d56eb84
JIT  - tr.open_20170901_140853_d56eb84
OMR  - b033a01
BootLoader constants: OS=win32, ARCH=x86_64, WS=win32, NL=en
Command-line arguments:  -clean -nl en -configuration C:\Users\Lenovo\Desktop\IBM\.metadata\workspace_oplrun

!ENTRY ilog.odms.ide.opllang.remote 1 0 2018-09-24 20:57:54.911
!MESSAGE Run Basic Configuration in C:/Users/Lenovo/Desktop/IBM/econPlanning
!SESSION 2018-09-25 10:41:03.851 -----------------------------------------------
eclipse.buildId=unknown
java.fullversion=8.0.5.0 - pwa6480sr5-20170905_01(SR5)
JRE 1.8.0 IBM J9 2.9 Windows 10 amd64-64 Compressed References 20170901_363591 (JIT enabled, AOT enabled)
J9VM - d56eb84
JIT  - tr.open_20170901_140853_d56eb84
OMR  - b033a01
BootLoader constants: OS=win32, ARCH=x86_64, WS=win32, NL=en
Command-line arguments:  -clean -nl en -configuration C:\Users\Lenovo\Desktop\IBM\.metadata\workspace_oplrun

!ENTRY ilog.odms.ide.opllang.remote 1 0 2018-09-25 10:41:03.852
!MESSAGE Run Configuration1 in C:/Users/Lenovo/Desktop/IBM/volsay_simple
!SESSION 2018-09-25 10:49:13.162 -----------------------------------------------
eclipse.buildId=unknown
java.fullversion=8.0.5.0 - pwa6480sr5-20170905_01(SR5)
JRE 1.8.0 IBM J9 2.9 Windows 10 amd64-64 Compressed References 20170901_363591 (JIT enabled, AOT enabled)
J9VM - d56eb84
JIT  - tr.open_20170901_140853_d56eb84
OMR  - b033a01
BootLoader constants: OS=win32, ARCH=x86_64, WS=win32, NL=en
Command-line arguments:  -clean -nl en -configuration C:\Users\Lenovo\Desktop\IBM\.metadata\workspace_oplrun

!ENTRY ilog.odms.ide.opllang.remote 1 0 2018-09-25 10:49:13.162
!MESSAGE Run complex1 in C:/Users/Lenovo/Desktop/IBM/volsay_simple
!SESSION 2018-09-25 10:49:39.929 -----------------------------------------------
eclipse.buildId=unknown
java.fullversion=8.0.5.0 - pwa6480sr5-20170905_01(SR5)
JRE 1.8.0 IBM J9 2.9 Windows 10 amd64-64 Compressed References 20170901_363591 (JIT enabled, AOT enabled)
J9VM - d56eb84
JIT  - tr.open_20170901_140853_d56eb84
OMR  - b033a01
BootLoader constants: OS=win32, ARCH=x86_64, WS=win32, NL=en
Command-line arguments:  -clean -nl en -configuration C:\Users\Lenovo\Desktop\IBM\.metadata\workspace_oplrun

!ENTRY ilog.odms.ide.opllang.remote 1 0 2018-09-25 10:49:39.929
!MESSAGE Run complex1 in C:/Users/Lenovo/Desktop/IBM/volsay_simple
!SESSION 2018-09-25 10:50:05.768 -----------------------------------------------
eclipse.buildId=unknown
java.fullversion=8.0.5.0 - pwa6480sr5-20170905_01(SR5)
JRE 1.8.0 IBM J9 2.9 Windows 10 amd64-64 Compressed References 20170901_363591 (JIT enabled, AOT enabled)
J9VM - d56eb84
JIT  - tr.open_20170901_140853_d56eb84
OMR  - b033a01
BootLoader constants: OS=win32, ARCH=x86_64, WS=win32, NL=en
Command-line arguments:  -clean -nl en -configuration C:\Users\Lenovo\Desktop\IBM\.metadata\workspace_oplrun

!ENTRY ilog.odms.ide.opllang.remote 1 0 2018-09-25 10:50:05.769
!MESSAGE Run complex1 in C:/Users/Lenovo/Desktop/IBM/volsay_simple
!SESSION 2018-09-25 10:50:56.462 -----------------------------------------------
eclipse.buildId=unknown
java.fullversion=8.0.5.0 - pwa6480sr5-20170905_01(SR5)
JRE 1.8.0 IBM J9 2.9 Windows 10 amd64-64 Compressed References 20170901_363591 (JIT enabled, AOT enabled)
J9VM - d56eb84
JIT  - tr.open_20170901_140853_d56eb84
OMR  - b033a01
BootLoader constants: OS=win32, ARCH=x86_64, WS=win32, NL=en
Command-line arguments:  -clean -nl en -configuration C:\Users\Lenovo\Desktop\IBM\.metadata\workspace_oplrun

!ENTRY ilog.odms.ide.opllang.remote 1 0 2018-09-25 10:50:56.463
!MESSAGE Run complex1 in C:/Users/Lenovo/Desktop/IBM/volsay_simple
!SESSION 2018-09-25 10:59:27.056 -----------------------------------------------
eclipse.buildId=unknown
java.fullversion=8.0.5.0 - pwa6480sr5-20170905_01(SR5)
JRE 1.8.0 IBM J9 2.9 Windows 10 amd64-64 Compressed References 20170901_363591 (JIT enabled, AOT enabled)
J9VM - d56eb84
JIT  - tr.open_20170901_140853_d56eb84
OMR  - b033a01
BootLoader constants: OS=win32, ARCH=x86_64, WS=win32, NL=en
Command-line arguments:  -clean -nl en -configuration C:\Users\Lenovo\Desktop\IBM\.metadata\workspace_oplrun

!ENTRY ilog.odms.ide.opllang.remote 1 0 2018-09-25 10:59:27.057
!MESSAGE Run complex2 in C:/Users/Lenovo/Desktop/IBM/volsay_simple
!SESSION 2018-09-25 11:01:28.063 -----------------------------------------------
eclipse.buildId=unknown
java.fullversion=8.0.5.0 - pwa6480sr5-20170905_01(SR5)
JRE 1.8.0 IBM J9 2.9 Windows 10 amd64-64 Compressed References 20170901_363591 (JIT enabled, AOT enabled)
J9VM - d56eb84
JIT  - tr.open_20170901_140853_d56eb84
OMR  - b033a01
BootLoader constants: OS=win32, ARCH=x86_64, WS=win32, NL=en
Command-line arguments:  -clean -nl en -configuration C:\Users\Lenovo\Desktop\IBM\.metadata\workspace_oplrun

!ENTRY ilog.odms.ide.opllang.remote 1 0 2018-09-25 11:01:28.064
!MESSAGE Run complex2 in C:/Users/Lenovo/Desktop/IBM/volsay_simple
!SESSION 2018-09-25 11:04:16.088 -----------------------------------------------
eclipse.buildId=unknown
java.fullversion=8.0.5.0 - pwa6480sr5-20170905_01(SR5)
JRE 1.8.0 IBM J9 2.9 Windows 10 amd64-64 Compressed References 20170901_363591 (JIT enabled, AOT enabled)
J9VM - d56eb84
JIT  - tr.open_20170901_140853_d56eb84
OMR  - b033a01
BootLoader constants: OS=win32, ARCH=x86_64, WS=win32, NL=en
Command-line arguments:  -clean -nl en -configuration C:\Users\Lenovo\Desktop\IBM\.metadata\workspace_oplrun

!ENTRY ilog.odms.ide.opllang.remote 1 0 2018-09-25 11:04:16.089
!MESSAGE Run complex2 in C:/Users/Lenovo/Desktop/IBM/volsay_simple
!SESSION 2018-09-25 11:07:08.320 -----------------------------------------------
eclipse.buildId=unknown
java.fullversion=8.0.5.0 - pwa6480sr5-20170905_01(SR5)
JRE 1.8.0 IBM J9 2.9 Windows 10 amd64-64 Compressed References 20170901_363591 (JIT enabled, AOT enabled)
J9VM - d56eb84
JIT  - tr.open_20170901_140853_d56eb84
OMR  - b033a01
BootLoader constants: OS=win32, ARCH=x86_64, WS=win32, NL=en
Command-line arguments:  -clean -nl en -configuration C:\Users\Lenovo\Desktop\IBM\.metadata\workspace_oplrun

!ENTRY ilog.odms.ide.opllang.remote 1 0 2018-09-25 11:07:08.320
!MESSAGE Run complex1 in C:/Users/Lenovo/Desktop/IBM/volsay_simple
!SESSION 2018-09-25 11:07:19.718 -----------------------------------------------
eclipse.buildId=unknown
java.fullversion=8.0.5.0 - pwa6480sr5-20170905_01(SR5)
JRE 1.8.0 IBM J9 2.9 Windows 10 amd64-64 Compressed References 20170901_363591 (JIT enabled, AOT enabled)
J9VM - d56eb84
JIT  - tr.open_20170901_140853_d56eb84
OMR  - b033a01
BootLoader constants: OS=win32, ARCH=x86_64, WS=win32, NL=en
Command-line arguments:  -clean -nl en -configuration C:\Users\Lenovo\Desktop\IBM\.metadata\workspace_oplrun

!ENTRY ilog.odms.ide.opllang.remote 1 0 2018-09-25 11:07:19.719
!MESSAGE Run complex2 in C:/Users/Lenovo/Desktop/IBM/volsay_simple
!SESSION 2018-09-25 11:08:37.648 -----------------------------------------------
eclipse.buildId=unknown
java.fullversion=8.0.5.0 - pwa6480sr5-20170905_01(SR5)
JRE 1.8.0 IBM J9 2.9 Windows 10 amd64-64 Compressed References 20170901_363591 (JIT enabled, AOT enabled)
J9VM - d56eb84
JIT  - tr.open_20170901_140853_d56eb84
OMR  - b033a01
BootLoader constants: OS=win32, ARCH=x86_64, WS=win32, NL=en
Command-line arguments:  -clean -nl en -configuration C:\Users\Lenovo\Desktop\IBM\.metadata\workspace_oplrun

!ENTRY ilog.odms.ide.opllang.remote 1 0 2018-09-25 11:08:37.649
!MESSAGE Run complex2 in C:/Users/Lenovo/Desktop/IBM/volsay_simple
!SESSION 2018-09-25 11:10:32.021 -----------------------------------------------
eclipse.buildId=unknown
java.fullversion=8.0.5.0 - pwa6480sr5-20170905_01(SR5)
JRE 1.8.0 IBM J9 2.9 Windows 10 amd64-64 Compressed References 20170901_363591 (JIT enabled, AOT enabled)
J9VM - d56eb84
JIT  - tr.open_20170901_140853_d56eb84
OMR  - b033a01
BootLoader constants: OS=win32, ARCH=x86_64, WS=win32, NL=en
Command-line arguments:  -clean -nl en -configuration C:\Users\Lenovo\Desktop\IBM\.metadata\workspace_oplrun

!ENTRY ilog.odms.ide.opllang.remote 1 0 2018-09-25 11:10:32.021
!MESSAGE Run complex2 in C:/Users/Lenovo/Desktop/IBM/volsay_simple
!SESSION 2018-09-25 11:17:26.863 -----------------------------------------------
eclipse.buildId=unknown
java.fullversion=8.0.5.0 - pwa6480sr5-20170905_01(SR5)
JRE 1.8.0 IBM J9 2.9 Windows 10 amd64-64 Compressed References 20170901_363591 (JIT enabled, AOT enabled)
J9VM - d56eb84
JIT  - tr.open_20170901_140853_d56eb84
OMR  - b033a01
BootLoader constants: OS=win32, ARCH=x86_64, WS=win32, NL=en
Command-line arguments:  -clean -nl en -configuration C:\Users\Lenovo\Desktop\IBM\.metadata\workspace_oplrun

!ENTRY ilog.odms.ide.opllang.remote 1 0 2018-09-25 11:17:26.864
!MESSAGE Run complex3 in C:/Users/Lenovo/Desktop/IBM/volsay_simple
!SESSION 2018-09-25 11:17:39.805 -----------------------------------------------
eclipse.buildId=unknown
java.fullversion=8.0.5.0 - pwa6480sr5-20170905_01(SR5)
JRE 1.8.0 IBM J9 2.9 Windows 10 amd64-64 Compressed References 20170901_363591 (JIT enabled, AOT enabled)
J9VM - d56eb84
JIT  - tr.open_20170901_140853_d56eb84
OMR  - b033a01
BootLoader constants: OS=win32, ARCH=x86_64, WS=win32, NL=en
Command-line arguments:  -clean -nl en -configuration C:\Users\Lenovo\Desktop\IBM\.metadata\workspace_oplrun

!ENTRY ilog.odms.ide.opllang.remote 1 0 2018-09-25 11:17:39.806
!MESSAGE Run complex3 in C:/Users/Lenovo/Desktop/IBM/volsay_simple
!SESSION 2018-09-25 11:24:06.610 -----------------------------------------------
eclipse.buildId=unknown
java.fullversion=8.0.5.0 - pwa6480sr5-20170905_01(SR5)
JRE 1.8.0 IBM J9 2.9 Windows 10 amd64-64 Compressed References 20170901_363591 (JIT enabled, AOT enabled)
J9VM - d56eb84
JIT  - tr.open_20170901_140853_d56eb84
OMR  - b033a01
BootLoader constants: OS=win32, ARCH=x86_64, WS=win32, NL=en
Command-line arguments:  -clean -nl en -configuration C:\Users\Lenovo\Desktop\IBM\.metadata\workspace_oplrun

!ENTRY ilog.odms.ide.opllang.remote 1 0 2018-09-25 11:24:06.611
!MESSAGE Run complex4 in C:/Users/Lenovo/Desktop/IBM/volsay_simple

!ENTRY ilog.odms.ide.opllang.remote 4 0 2018-09-25 11:24:06.770
!MESSAGE run failed
!STACK 0
ilog.concert.IloException: ´¦Àíʧ°ܡ£
	at ilog.opl.opl_lang_wrapJNI.IloOplModel_getModel(Native Method)
	at ilog.opl.IloOplModel.getModel(IloOplModel.java:561)
	at ilog.odms.ide.opllang.run.IloAbstractRunShell.loadModel(IloAbstractRunShell.java:1197)
	at ilog.odms.ide.opllang.remote.IloOplRunConfigRunner.doProcessModel(IloOplRunConfigRunner.java:156)
	at ilog.odms.ide.opllang.remote.IloOplRunConfigRunner.doRun(IloOplRunConfigRunner.java:377)
	at ilog.odms.ide.opllang.run.IloAbstractRunShell$2.run(IloAbstractRunShell.java:1587)
	at org.eclipse.core.internal.jobs.Worker.run(Worker.java:54)
!SESSION 2018-09-25 11:24:37.641 -----------------------------------------------
eclipse.buildId=unknown
java.fullversion=8.0.5.0 - pwa6480sr5-20170905_01(SR5)
JRE 1.8.0 IBM J9 2.9 Windows 10 amd64-64 Compressed References 20170901_363591 (JIT enabled, AOT enabled)
J9VM - d56eb84
JIT  - tr.open_20170901_140853_d56eb84
OMR  - b033a01
BootLoader constants: OS=win32, ARCH=x86_64, WS=win32, NL=en
Command-line arguments:  -clean -nl en -configuration C:\Users\Lenovo\Desktop\IBM\.metadata\workspace_oplrun

!ENTRY ilog.odms.ide.opllang.remote 1 0 2018-09-25 11:24:37.642
!MESSAGE Run complex4 in C:/Users/Lenovo/Desktop/IBM/volsay_simple

!ENTRY ilog.odms.ide.opllang.remote 4 0 2018-09-25 11:24:37.785
!MESSAGE run failed
!STACK 0
ilog.concert.IloException: ´¦Àíʧ°ܡ£
	at ilog.opl.opl_lang_wrapJNI.IloOplModel_getModel(Native Method)
	at ilog.opl.IloOplModel.getModel(IloOplModel.java:561)
	at ilog.odms.ide.opllang.run.IloAbstractRunShell.loadModel(IloAbstractRunShell.java:1197)
	at ilog.odms.ide.opllang.remote.IloOplRunConfigRunner.doProcessModel(IloOplRunConfigRunner.java:156)
	at ilog.odms.ide.opllang.remote.IloOplRunConfigRunner.doRun(IloOplRunConfigRunner.java:377)
	at ilog.odms.ide.opllang.run.IloAbstractRunShell$2.run(IloAbstractRunShell.java:1587)
	at org.eclipse.core.internal.jobs.Worker.run(Worker.java:54)
!SESSION 2018-09-25 11:26:03.504 -----------------------------------------------
eclipse.buildId=unknown
java.fullversion=8.0.5.0 - pwa6480sr5-20170905_01(SR5)
JRE 1.8.0 IBM J9 2.9 Windows 10 amd64-64 Compressed References 20170901_363591 (JIT enabled, AOT enabled)
J9VM - d56eb84
JIT  - tr.open_20170901_140853_d56eb84
OMR  - b033a01
BootLoader constants: OS=win32, ARCH=x86_64, WS=win32, NL=en
Command-line arguments:  -clean -nl en -configuration C:\Users\Lenovo\Desktop\IBM\.metadata\workspace_oplrun

!ENTRY ilog.odms.ide.opllang.remote 1 0 2018-09-25 11:26:03.504
!MESSAGE Run complex4 in C:/Users/Lenovo/Desktop/IBM/volsay_simple

!ENTRY ilog.odms.ide.opllang.remote 4 0 2018-09-25 11:26:03.657
!MESSAGE run failed
!STACK 0
ilog.concert.IloException: ´¦Àíʧ°ܡ£
	at ilog.opl.opl_lang_wrapJNI.IloOplModel_getModel(Native Method)
	at ilog.opl.IloOplModel.getModel(IloOplModel.java:561)
	at ilog.odms.ide.opllang.run.IloAbstractRunShell.loadModel(IloAbstractRunShell.java:1197)
	at ilog.odms.ide.opllang.remote.IloOplRunConfigRunner.doProcessModel(IloOplRunConfigRunner.java:156)
	at ilog.odms.ide.opllang.remote.IloOplRunConfigRunner.doRun(IloOplRunConfigRunner.java:377)
	at ilog.odms.ide.opllang.run.IloAbstractRunShell$2.run(IloAbstractRunShell.java:1587)
	at org.eclipse.core.internal.jobs.Worker.run(Worker.java:54)
!SESSION 2018-09-25 11:27:05.952 -----------------------------------------------
eclipse.buildId=unknown
java.fullversion=8.0.5.0 - pwa6480sr5-20170905_01(SR5)
JRE 1.8.0 IBM J9 2.9 Windows 10 amd64-64 Compressed References 20170901_363591 (JIT enabled, AOT enabled)
J9VM - d56eb84
JIT  - tr.open_20170901_140853_d56eb84
OMR  - b033a01
BootLoader constants: OS=win32, ARCH=x86_64, WS=win32, NL=en
Command-line arguments:  -clean -nl en -configuration C:\Users\Lenovo\Desktop\IBM\.metadata\workspace_oplrun

!ENTRY ilog.odms.ide.opllang.remote 1 0 2018-09-25 11:27:05.952
!MESSAGE Run complex4 in C:/Users/Lenovo/Desktop/IBM/volsay_simple

!ENTRY ilog.odms.ide.opllang.remote 4 0 2018-09-25 11:27:06.095
!MESSAGE run failed
!STACK 0
ilog.concert.IloException: ´¦Àíʧ°ܡ£
	at ilog.opl.opl_lang_wrapJNI.IloOplModel_getModel(Native Method)
	at ilog.opl.IloOplModel.getModel(IloOplModel.java:561)
	at ilog.odms.ide.opllang.run.IloAbstractRunShell.loadModel(IloAbstractRunShell.java:1197)
	at ilog.odms.ide.opllang.remote.IloOplRunConfigRunner.doProcessModel(IloOplRunConfigRunner.java:156)
	at ilog.odms.ide.opllang.remote.IloOplRunConfigRunner.doRun(IloOplRunConfigRunner.java:377)
	at ilog.odms.ide.opllang.run.IloAbstractRunShell$2.run(IloAbstractRunShell.java:1587)
	at org.eclipse.core.internal.jobs.Worker.run(Worker.java:54)
!SESSION 2018-09-25 11:29:09.890 -----------------------------------------------
eclipse.buildId=unknown
java.fullversion=8.0.5.0 - pwa6480sr5-20170905_01(SR5)
JRE 1.8.0 IBM J9 2.9 Windows 10 amd64-64 Compressed References 20170901_363591 (JIT enabled, AOT enabled)
J9VM - d56eb84
JIT  - tr.open_20170901_140853_d56eb84
OMR  - b033a01
BootLoader constants: OS=win32, ARCH=x86_64, WS=win32, NL=en
Command-line arguments:  -clean -nl en -configuration C:\Users\Lenovo\Desktop\IBM\.metadata\workspace_oplrun

!ENTRY ilog.odms.ide.opllang.remote 1 0 2018-09-25 11:29:09.891
!MESSAGE Run complex4 in C:/Users/Lenovo/Desktop/IBM/volsay_simple

!ENTRY ilog.odms.ide.opllang.remote 4 0 2018-09-25 11:29:10.030
!MESSAGE run failed
!STACK 0
ilog.concert.IloException: ´¦Àíʧ°ܡ£
	at ilog.opl.opl_lang_wrapJNI.IloOplModel_getModel(Native Method)
	at ilog.opl.IloOplModel.getModel(IloOplModel.java:561)
	at ilog.odms.ide.opllang.run.IloAbstractRunShell.loadModel(IloAbstractRunShell.java:1197)
	at ilog.odms.ide.opllang.remote.IloOplRunConfigRunner.doProcessModel(IloOplRunConfigRunner.java:156)
	at ilog.odms.ide.opllang.remote.IloOplRunConfigRunner.doRun(IloOplRunConfigRunner.java:377)
	at ilog.odms.ide.opllang.run.IloAbstractRunShell$2.run(IloAbstractRunShell.java:1587)
	at org.eclipse.core.internal.jobs.Worker.run(Worker.java:54)
!SESSION 2018-09-25 11:32:56.466 -----------------------------------------------
eclipse.buildId=unknown
java.fullversion=8.0.5.0 - pwa6480sr5-20170905_01(SR5)
JRE 1.8.0 IBM J9 2.9 Windows 10 amd64-64 Compressed References 20170901_363591 (JIT enabled, AOT enabled)
J9VM - d56eb84
JIT  - tr.open_20170901_140853_d56eb84
OMR  - b033a01
BootLoader constants: OS=win32, ARCH=x86_64, WS=win32, NL=en
Command-line arguments:  -clean -nl en -configuration C:\Users\Lenovo\Desktop\IBM\.metadata\workspace_oplrun

!ENTRY ilog.odms.ide.opllang.remote 1 0 2018-09-25 11:32:56.467
!MESSAGE Run complex4 in C:/Users/Lenovo/Desktop/IBM/volsay_simple

!ENTRY ilog.odms.ide.opllang.remote 4 0 2018-09-25 11:32:56.610
!MESSAGE run failed
!STACK 0
ilog.concert.IloException: ´¦Àíʧ°ܡ£
	at ilog.opl.opl_lang_wrapJNI.IloOplModel_getModel(Native Method)
	at ilog.opl.IloOplModel.getModel(IloOplModel.java:561)
	at ilog.odms.ide.opllang.run.IloAbstractRunShell.loadModel(IloAbstractRunShell.java:1197)
	at ilog.odms.ide.opllang.remote.IloOplRunConfigRunner.doProcessModel(IloOplRunConfigRunner.java:156)
	at ilog.odms.ide.opllang.remote.IloOplRunConfigRunner.doRun(IloOplRunConfigRunner.java:377)
	at ilog.odms.ide.opllang.run.IloAbstractRunShell$2.run(IloAbstractRunShell.java:1587)
	at org.eclipse.core.internal.jobs.Worker.run(Worker.java:54)
!SESSION 2018-09-25 11:33:30.178 -----------------------------------------------
eclipse.buildId=unknown
java.fullversion=8.0.5.0 - pwa6480sr5-20170905_01(SR5)
JRE 1.8.0 IBM J9 2.9 Windows 10 amd64-64 Compressed References 20170901_363591 (JIT enabled, AOT enabled)
J9VM - d56eb84
JIT  - tr.open_20170901_140853_d56eb84
OMR  - b033a01
BootLoader constants: OS=win32, ARCH=x86_64, WS=win32, NL=en
Command-line arguments:  -clean -nl en -configuration C:\Users\Lenovo\Desktop\IBM\.metadata\workspace_oplrun

!ENTRY ilog.odms.ide.opllang.remote 1 0 2018-09-25 11:33:30.179
!MESSAGE Run complex4 in C:/Users/Lenovo/Desktop/IBM/volsay_simple

!ENTRY ilog.odms.ide.opllang.remote 4 0 2018-09-25 11:33:30.317
!MESSAGE run failed
!STACK 0
ilog.concert.IloException: ´¦Àíʧ°ܡ£
	at ilog.opl.opl_lang_wrapJNI.IloOplModel_getModel(Native Method)
	at ilog.opl.IloOplModel.getModel(IloOplModel.java:561)
	at ilog.odms.ide.opllang.run.IloAbstractRunShell.loadModel(IloAbstractRunShell.java:1197)
	at ilog.odms.ide.opllang.remote.IloOplRunConfigRunner.doProcessModel(IloOplRunConfigRunner.java:156)
	at ilog.odms.ide.opllang.remote.IloOplRunConfigRunner.doRun(IloOplRunConfigRunner.java:377)
	at ilog.odms.ide.opllang.run.IloAbstractRunShell$2.run(IloAbstractRunShell.java:1587)
	at org.eclipse.core.internal.jobs.Worker.run(Worker.java:54)
!SESSION 2018-09-25 11:34:06.368 -----------------------------------------------
eclipse.buildId=unknown
java.fullversion=8.0.5.0 - pwa6480sr5-20170905_01(SR5)
JRE 1.8.0 IBM J9 2.9 Windows 10 amd64-64 Compressed References 20170901_363591 (JIT enabled, AOT enabled)
J9VM - d56eb84
JIT  - tr.open_20170901_140853_d56eb84
OMR  - b033a01
BootLoader constants: OS=win32, ARCH=x86_64, WS=win32, NL=en
Command-line arguments:  -clean -nl en -configuration C:\Users\Lenovo\Desktop\IBM\.metadata\workspace_oplrun

!ENTRY ilog.odms.ide.opllang.remote 1 0 2018-09-25 11:34:06.369
!MESSAGE Run complex4 in C:/Users/Lenovo/Desktop/IBM/volsay_simple

!ENTRY ilog.odms.ide.opllang.remote 4 0 2018-09-25 11:34:06.505
!MESSAGE run failed
!STACK 0
ilog.concert.IloException: ´¦Àíʧ°ܡ£
	at ilog.opl.opl_lang_wrapJNI.IloOplModel_getModel(Native Method)
	at ilog.opl.IloOplModel.getModel(IloOplModel.java:561)
	at ilog.odms.ide.opllang.run.IloAbstractRunShell.loadModel(IloAbstractRunShell.java:1197)
	at ilog.odms.ide.opllang.remote.IloOplRunConfigRunner.doProcessModel(IloOplRunConfigRunner.java:156)
	at ilog.odms.ide.opllang.remote.IloOplRunConfigRunner.doRun(IloOplRunConfigRunner.java:377)
	at ilog.odms.ide.opllang.run.IloAbstractRunShell$2.run(IloAbstractRunShell.java:1587)
	at org.eclipse.core.internal.jobs.Worker.run(Worker.java:54)
!SESSION 2018-09-25 11:37:32.769 -----------------------------------------------
eclipse.buildId=unknown
java.fullversion=8.0.5.0 - pwa6480sr5-20170905_01(SR5)
JRE 1.8.0 IBM J9 2.9 Windows 10 amd64-64 Compressed References 20170901_363591 (JIT enabled, AOT enabled)
J9VM - d56eb84
JIT  - tr.open_20170901_140853_d56eb84
OMR  - b033a01
BootLoader constants: OS=win32, ARCH=x86_64, WS=win32, NL=en
Command-line arguments:  -clean -nl en -configuration C:\Users\Lenovo\Desktop\IBM\.metadata\workspace_oplrun

!ENTRY ilog.odms.ide.opllang.remote 1 0 2018-09-25 11:37:32.770
!MESSAGE Run complex4 in C:/Users/Lenovo/Desktop/IBM/volsay_simple

!ENTRY ilog.odms.ide.opllang.remote 4 0 2018-09-25 11:37:33.210
!MESSAGE run failed
!STACK 0
ilog.concert.IloException: 
	at ilog.opl.opl_lang_wrapJNI.IloOplModel_getModel(Native Method)
	at ilog.opl.IloOplModel.getModel(IloOplModel.java:561)
	at ilog.odms.ide.opllang.run.IloAbstractRunShell.loadModel(IloAbstractRunShell.java:1197)
	at ilog.odms.ide.opllang.remote.IloOplRunConfigRunner.doProcessModel(IloOplRunConfigRunner.java:156)
	at ilog.odms.ide.opllang.remote.IloOplRunConfigRunner.doRun(IloOplRunConfigRunner.java:377)
	at ilog.odms.ide.opllang.run.IloAbstractRunShell$2.run(IloAbstractRunShell.java:1587)
	at org.eclipse.core.internal.jobs.Worker.run(Worker.java:54)
!SESSION 2018-09-25 11:37:53.990 -----------------------------------------------
eclipse.buildId=unknown
java.fullversion=8.0.5.0 - pwa6480sr5-20170905_01(SR5)
JRE 1.8.0 IBM J9 2.9 Windows 10 amd64-64 Compressed References 20170901_363591 (JIT enabled, AOT enabled)
J9VM - d56eb84
JIT  - tr.open_20170901_140853_d56eb84
OMR  - b033a01
BootLoader constants: OS=win32, ARCH=x86_64, WS=win32, NL=en
Command-line arguments:  -clean -nl en -configuration C:\Users\Lenovo\Desktop\IBM\.metadata\workspace_oplrun

!ENTRY ilog.odms.ide.opllang.remote 1 0 2018-09-25 11:37:53.991
!MESSAGE Run complex4 in C:/Users/Lenovo/Desktop/IBM/volsay_simple

!ENTRY ilog.odms.ide.opllang.remote 4 0 2018-09-25 11:37:54.170
!MESSAGE run failed
!STACK 0
ilog.concert.IloException: 
	at ilog.opl.opl_lang_wrapJNI.IloOplModel_getModel(Native Method)
	at ilog.opl.IloOplModel.getModel(IloOplModel.java:561)
	at ilog.odms.ide.opllang.run.IloAbstractRunShell.loadModel(IloAbstractRunShell.java:1197)
	at ilog.odms.ide.opllang.remote.IloOplRunConfigRunner.doProcessModel(IloOplRunConfigRunner.java:156)
	at ilog.odms.ide.opllang.remote.IloOplRunConfigRunner.doRun(IloOplRunConfigRunner.java:377)
	at ilog.odms.ide.opllang.run.IloAbstractRunShell$2.run(IloAbstractRunShell.java:1587)
	at org.eclipse.core.internal.jobs.Worker.run(Worker.java:54)
!SESSION 2018-09-25 11:38:29.650 -----------------------------------------------
eclipse.buildId=unknown
java.fullversion=8.0.5.0 - pwa6480sr5-20170905_01(SR5)
JRE 1.8.0 IBM J9 2.9 Windows 10 amd64-64 Compressed References 20170901_363591 (JIT enabled, AOT enabled)
J9VM - d56eb84
JIT  - tr.open_20170901_140853_d56eb84
OMR  - b033a01
BootLoader constants: OS=win32, ARCH=x86_64, WS=win32, NL=en
Command-line arguments:  -clean -nl en -configuration C:\Users\Lenovo\Desktop\IBM\.metadata\workspace_oplrun

!ENTRY ilog.odms.ide.opllang.remote 1 0 2018-09-25 11:38:29.651
!MESSAGE Run complex4 in C:/Users/Lenovo/Desktop/IBM/volsay_simple
!SESSION 2018-09-25 14:44:41.301 -----------------------------------------------
eclipse.buildId=unknown
java.fullversion=8.0.5.0 - pwa6480sr5-20170905_01(SR5)
JRE 1.8.0 IBM J9 2.9 Windows 10 amd64-64 Compressed References 20170901_363591 (JIT enabled, AOT enabled)
J9VM - d56eb84
JIT  - tr.open_20170901_140853_d56eb84
OMR  - b033a01
BootLoader constants: OS=win32, ARCH=x86_64, WS=win32, NL=en
Command-line arguments:  -clean -nl en -configuration C:\Users\Lenovo\Desktop\IBM\.metadata\workspace_oplrun

!ENTRY ilog.odms.ide.opllang.remote 1 0 2018-09-25 14:44:41.302
!MESSAGE Run Configuration1 in C:/Users/Lenovo/Desktop/IBM/Production
!SESSION 2018-09-25 15:02:17.509 -----------------------------------------------
eclipse.buildId=unknown
java.fullversion=8.0.5.0 - pwa6480sr5-20170905_01(SR5)
JRE 1.8.0 IBM J9 2.9 Windows 10 amd64-64 Compressed References 20170901_363591 (JIT enabled, AOT enabled)
J9VM - d56eb84
JIT  - tr.open_20170901_140853_d56eb84
OMR  - b033a01
BootLoader constants: OS=win32, ARCH=x86_64, WS=win32, NL=en
Command-line arguments:  -clean -nl en -configuration C:\Users\Lenovo\Desktop\IBM\.metadata\workspace_oplrun

!ENTRY ilog.odms.ide.opllang.remote 1 0 2018-09-25 15:02:17.510
!MESSAGE Run Production_tuple in C:/Users/Lenovo/Desktop/IBM/Production
!SESSION 2018-09-25 15:09:44.600 -----------------------------------------------
eclipse.buildId=unknown
java.fullversion=8.0.5.0 - pwa6480sr5-20170905_01(SR5)
JRE 1.8.0 IBM J9 2.9 Windows 10 amd64-64 Compressed References 20170901_363591 (JIT enabled, AOT enabled)
J9VM - d56eb84
JIT  - tr.open_20170901_140853_d56eb84
OMR  - b033a01
BootLoader constants: OS=win32, ARCH=x86_64, WS=win32, NL=en
Command-line arguments:  -clean -nl en -configuration C:\Users\Lenovo\Desktop\IBM\.metadata\workspace_oplrun

!ENTRY ilog.odms.ide.opllang.remote 1 0 2018-09-25 15:09:44.600
!MESSAGE Run Production_tuple in C:/Users/Lenovo/Desktop/IBM/Production
!SESSION 2018-09-25 15:13:06.498 -----------------------------------------------
eclipse.buildId=unknown
java.fullversion=8.0.5.0 - pwa6480sr5-20170905_01(SR5)
JRE 1.8.0 IBM J9 2.9 Windows 10 amd64-64 Compressed References 20170901_363591 (JIT enabled, AOT enabled)
J9VM - d56eb84
JIT  - tr.open_20170901_140853_d56eb84
OMR  - b033a01
BootLoader constants: OS=win32, ARCH=x86_64, WS=win32, NL=en
Command-line arguments:  -clean -nl en -configuration C:\Users\Lenovo\Desktop\IBM\.metadata\workspace_oplrun

!ENTRY ilog.odms.ide.opllang.remote 1 0 2018-09-25 15:13:06.499
!MESSAGE Run Production_tuple in C:/Users/Lenovo/Desktop/IBM/Production
!SESSION 2018-09-25 15:13:26.423 -----------------------------------------------
eclipse.buildId=unknown
java.fullversion=8.0.5.0 - pwa6480sr5-20170905_01(SR5)
JRE 1.8.0 IBM J9 2.9 Windows 10 amd64-64 Compressed References 20170901_363591 (JIT enabled, AOT enabled)
J9VM - d56eb84
JIT  - tr.open_20170901_140853_d56eb84
OMR  - b033a01
BootLoader constants: OS=win32, ARCH=x86_64, WS=win32, NL=en
Command-line arguments:  -clean -nl en -configuration C:\Users\Lenovo\Desktop\IBM\.metadata\workspace_oplrun

!ENTRY ilog.odms.ide.opllang.remote 1 0 2018-09-25 15:13:26.424
!MESSAGE Run Production_tuple in C:/Users/Lenovo/Desktop/IBM/Production
!SESSION 2018-09-25 15:29:06.584 -----------------------------------------------
eclipse.buildId=unknown
java.fullversion=8.0.5.0 - pwa6480sr5-20170905_01(SR5)
JRE 1.8.0 IBM J9 2.9 Windows 10 amd64-64 Compressed References 20170901_363591 (JIT enabled, AOT enabled)
J9VM - d56eb84
JIT  - tr.open_20170901_140853_d56eb84
OMR  - b033a01
BootLoader constants: OS=win32, ARCH=x86_64, WS=win32, NL=en
Command-line arguments:  -clean -nl en -configuration C:\Users\Lenovo\Desktop\IBM\.metadata\workspace_oplrun

!ENTRY ilog.odms.ide.opllang.remote 1 0 2018-09-25 15:29:06.585
!MESSAGE Run Configuration1 in C:/Users/Lenovo/Desktop/IBM/multi_knapsack
!SESSION 2018-09-25 15:53:08.318 -----------------------------------------------
eclipse.buildId=unknown
java.fullversion=8.0.5.0 - pwa6480sr5-20170905_01(SR5)
JRE 1.8.0 IBM J9 2.9 Windows 10 amd64-64 Compressed References 20170901_363591 (JIT enabled, AOT enabled)
J9VM - d56eb84
JIT  - tr.open_20170901_140853_d56eb84
OMR  - b033a01
BootLoader constants: OS=win32, ARCH=x86_64, WS=win32, NL=en
Command-line arguments:  -clean -nl en -configuration C:\Users\Lenovo\Desktop\IBM\.metadata\workspace_oplrun

!ENTRY ilog.odms.ide.opllang.remote 1 0 2018-09-25 15:53:08.318
!MESSAGE Run Configuration1 in C:/Users/Lenovo/Desktop/IBM/blend_alloy

!ENTRY ilog.odms.ide.opllang.remote 4 0 2018-09-25 15:53:08.470
!MESSAGE run failed
!STACK 0
ilog.concert.IloException: 
	at ilog.opl.opl_lang_wrapJNI.IloOplModel_getModel(Native Method)
	at ilog.opl.IloOplModel.getModel(IloOplModel.java:561)
	at ilog.odms.ide.opllang.run.IloAbstractRunShell.loadModel(IloAbstractRunShell.java:1197)
	at ilog.odms.ide.opllang.remote.IloOplRunConfigRunner.doProcessModel(IloOplRunConfigRunner.java:156)
	at ilog.odms.ide.opllang.remote.IloOplRunConfigRunner.doRun(IloOplRunConfigRunner.java:377)
	at ilog.odms.ide.opllang.run.IloAbstractRunShell$2.run(IloAbstractRunShell.java:1587)
	at org.eclipse.core.internal.jobs.Worker.run(Worker.java:54)
!SESSION 2018-09-25 15:53:21.431 -----------------------------------------------
eclipse.buildId=unknown
java.fullversion=8.0.5.0 - pwa6480sr5-20170905_01(SR5)
JRE 1.8.0 IBM J9 2.9 Windows 10 amd64-64 Compressed References 20170901_363591 (JIT enabled, AOT enabled)
J9VM - d56eb84
JIT  - tr.open_20170901_140853_d56eb84
OMR  - b033a01
BootLoader constants: OS=win32, ARCH=x86_64, WS=win32, NL=en
Command-line arguments:  -clean -nl en -configuration C:\Users\Lenovo\Desktop\IBM\.metadata\workspace_oplrun

!ENTRY ilog.odms.ide.opllang.remote 1 0 2018-09-25 15:53:21.432
!MESSAGE Run Configuration1 in C:/Users/Lenovo/Desktop/IBM/blend_alloy
!SESSION 2018-09-25 16:05:29.716 -----------------------------------------------
eclipse.buildId=unknown
java.fullversion=8.0.5.0 - pwa6480sr5-20170905_01(SR5)
JRE 1.8.0 IBM J9 2.9 Windows 10 amd64-64 Compressed References 20170901_363591 (JIT enabled, AOT enabled)
J9VM - d56eb84
JIT  - tr.open_20170901_140853_d56eb84
OMR  - b033a01
BootLoader constants: OS=win32, ARCH=x86_64, WS=win32, NL=en
Command-line arguments:  -clean -nl en -configuration C:\Users\Lenovo\Desktop\IBM\.metadata\workspace_oplrun

!ENTRY ilog.odms.ide.opllang.remote 1 0 2018-09-25 16:05:29.716
!MESSAGE Run cloud in C:/Users/Lenovo/Desktop/IBM/steel_mill
!SESSION 2018-09-25 18:45:35.579 -----------------------------------------------
eclipse.buildId=unknown
java.fullversion=8.0.5.0 - pwa6480sr5-20170905_01(SR5)
JRE 1.8.0 IBM J9 2.9 Windows 10 amd64-64 Compressed References 20170901_363591 (JIT enabled, AOT enabled)
J9VM - d56eb84
JIT  - tr.open_20170901_140853_d56eb84
OMR  - b033a01
BootLoader constants: OS=win32, ARCH=x86_64, WS=win32, NL=en
Command-line arguments:  -clean -nl en -configuration C:\Users\Lenovo\Desktop\IBM\.metadata\workspace_oplrun

!ENTRY ilog.odms.ide.opllang.remote 1 0 2018-09-25 18:45:35.580
!MESSAGE Run Configuration1 in C:/Users/Lenovo/Desktop/IBM/Warehouse_location
!SESSION 2018-09-25 18:47:58.993 -----------------------------------------------
eclipse.buildId=unknown
java.fullversion=8.0.5.0 - pwa6480sr5-20170905_01(SR5)
JRE 1.8.0 IBM J9 2.9 Windows 10 amd64-64 Compressed References 20170901_363591 (JIT enabled, AOT enabled)
J9VM - d56eb84
JIT  - tr.open_20170901_140853_d56eb84
OMR  - b033a01
BootLoader constants: OS=win32, ARCH=x86_64, WS=win32, NL=en
Command-line arguments:  -clean -nl en -configuration C:\Users\Lenovo\Desktop\IBM\.metadata\workspace_oplrun

!ENTRY ilog.odms.ide.opllang.remote 1 0 2018-09-25 18:47:58.993
!MESSAGE Run Configuration1 in C:/Users/Lenovo/Desktop/IBM/Warehouse_location
!SESSION 2018-09-25 18:48:12.547 -----------------------------------------------
eclipse.buildId=unknown
java.fullversion=8.0.5.0 - pwa6480sr5-20170905_01(SR5)
JRE 1.8.0 IBM J9 2.9 Windows 10 amd64-64 Compressed References 20170901_363591 (JIT enabled, AOT enabled)
J9VM - d56eb84
JIT  - tr.open_20170901_140853_d56eb84
OMR  - b033a01
BootLoader constants: OS=win32, ARCH=x86_64, WS=win32, NL=en
Command-line arguments:  -clean -nl en -configuration C:\Users\Lenovo\Desktop\IBM\.metadata\workspace_oplrun

!ENTRY ilog.odms.ide.opllang.remote 1 0 2018-09-25 18:48:12.548
!MESSAGE Run Basic Configuration in C:/Users/Lenovo/Desktop/IBM/warehouse
!SESSION 2018-09-25 18:53:24.934 -----------------------------------------------
eclipse.buildId=unknown
java.fullversion=8.0.5.0 - pwa6480sr5-20170905_01(SR5)
JRE 1.8.0 IBM J9 2.9 Windows 10 amd64-64 Compressed References 20170901_363591 (JIT enabled, AOT enabled)
J9VM - d56eb84
JIT  - tr.open_20170901_140853_d56eb84
OMR  - b033a01
BootLoader constants: OS=win32, ARCH=x86_64, WS=win32, NL=en
Command-line arguments:  -clean -nl en -configuration C:\Users\Lenovo\Desktop\IBM\.metadata\workspace_oplrun

!ENTRY ilog.odms.ide.opllang.remote 1 0 2018-09-25 18:53:24.935
!MESSAGE Run Configuration1 in C:/Users/Lenovo/Desktop/IBM/Production

!ENTRY ilog.odms.ide.opllang.remote 4 0 2018-09-25 18:53:25.004
!MESSAGE load failed
!STACK 1
org.eclipse.core.runtime.CoreException: load failed
	at ilog.odms.ide.opllang.remote.IloOplRunConfigRunner.doSetUpModel(IloOplRunConfigRunner.java:146)
	at ilog.odms.ide.opllang.remote.IloOplRunConfigRunner.doRun(IloOplRunConfigRunner.java:374)
	at ilog.odms.ide.opllang.run.IloAbstractRunShell$2.run(IloAbstractRunShell.java:1587)
	at org.eclipse.core.internal.jobs.Worker.run(Worker.java:54)
Caused by: ilog.concert.IloException: Configuration1
	at ilog.opl.opl_lang_wrapJNI.IloOplRunConfiguration_getCppOplModel(Native Method)
	at ilog.opl.IloOplRunConfiguration.getCppOplModel(IloOplRunConfiguration.java:226)
	at ilog.opl.IloOplRunConfiguration.getOplModel(IloOplRunConfiguration.java:116)
	at ilog.odms.ide.opllang.remote.IloOplRunConfigRunner.doSetUpModel(IloOplRunConfigRunner.java:140)
	... 3 more
!SUBENTRY 1 ilog.odms.ide.opllang.remote 4 0 2018-09-25 18:53:25.005
!MESSAGE load failed
!STACK 0
ilog.concert.IloException: Configuration1
	at ilog.opl.opl_lang_wrapJNI.IloOplRunConfiguration_getCppOplModel(Native Method)
	at ilog.opl.IloOplRunConfiguration.getCppOplModel(IloOplRunConfiguration.java:226)
	at ilog.opl.IloOplRunConfiguration.getOplModel(IloOplRunConfiguration.java:116)
	at ilog.odms.ide.opllang.remote.IloOplRunConfigRunner.doSetUpModel(IloOplRunConfigRunner.java:140)
	at ilog.odms.ide.opllang.remote.IloOplRunConfigRunner.doRun(IloOplRunConfigRunner.java:374)
	at ilog.odms.ide.opllang.run.IloAbstractRunShell$2.run(IloAbstractRunShell.java:1587)
	at org.eclipse.core.internal.jobs.Worker.run(Worker.java:54)
!SESSION 2018-09-25 18:54:16.829 -----------------------------------------------
eclipse.buildId=unknown
java.fullversion=8.0.5.0 - pwa6480sr5-20170905_01(SR5)
JRE 1.8.0 IBM J9 2.9 Windows 10 amd64-64 Compressed References 20170901_363591 (JIT enabled, AOT enabled)
J9VM - d56eb84
JIT  - tr.open_20170901_140853_d56eb84
OMR  - b033a01
BootLoader constants: OS=win32, ARCH=x86_64, WS=win32, NL=en
Command-line arguments:  -clean -nl en -configuration C:\Users\Lenovo\Desktop\IBM\.metadata\workspace_oplrun

!ENTRY ilog.odms.ide.opllang.remote 1 0 2018-09-25 18:54:16.829
!MESSAGE Run Basic Configuration in C:/Users/Lenovo/Desktop/IBM/Production
!SESSION 2018-09-25 18:54:50.239 -----------------------------------------------
eclipse.buildId=unknown
java.fullversion=8.0.5.0 - pwa6480sr5-20170905_01(SR5)
JRE 1.8.0 IBM J9 2.9 Windows 10 amd64-64 Compressed References 20170901_363591 (JIT enabled, AOT enabled)
J9VM - d56eb84
JIT  - tr.open_20170901_140853_d56eb84
OMR  - b033a01
BootLoader constants: OS=win32, ARCH=x86_64, WS=win32, NL=en
Command-line arguments:  -clean -nl en -configuration C:\Users\Lenovo\Desktop\IBM\.metadata\workspace_oplrun

!ENTRY ilog.odms.ide.opllang.remote 1 0 2018-09-25 18:54:50.240
!MESSAGE Run Basic Configuration in C:/Users/Lenovo/Desktop/IBM/Production
!SESSION 2018-09-25 18:55:31.117 -----------------------------------------------
eclipse.buildId=unknown
java.fullversion=8.0.5.0 - pwa6480sr5-20170905_01(SR5)
JRE 1.8.0 IBM J9 2.9 Windows 10 amd64-64 Compressed References 20170901_363591 (JIT enabled, AOT enabled)
J9VM - d56eb84
JIT  - tr.open_20170901_140853_d56eb84
OMR  - b033a01
BootLoader constants: OS=win32, ARCH=x86_64, WS=win32, NL=en
Command-line arguments:  -clean -nl en -configuration C:\Users\Lenovo\Desktop\IBM\.metadata\workspace_oplrun

!ENTRY ilog.odms.ide.opllang.remote 1 0 2018-09-25 18:55:31.118
!MESSAGE Run Basic Configuration in C:/Users/Lenovo/Desktop/IBM/Production
!SESSION 2018-09-25 19:22:27.963 -----------------------------------------------
eclipse.buildId=unknown
java.fullversion=8.0.5.0 - pwa6480sr5-20170905_01(SR5)
JRE 1.8.0 IBM J9 2.9 Windows 10 amd64-64 Compressed References 20170901_363591 (JIT enabled, AOT enabled)
J9VM - d56eb84
JIT  - tr.open_20170901_140853_d56eb84
OMR  - b033a01
BootLoader constants: OS=win32, ARCH=x86_64, WS=win32, NL=en
Command-line arguments:  -clean -nl en -configuration C:\Users\Lenovo\Desktop\IBM\.metadata\workspace_oplrun

!ENTRY ilog.odms.ide.opllang.remote 1 0 2018-09-25 19:22:27.964
!MESSAGE Run Solve problem once in C:/Users/Lenovo/Desktop/IBM/mulprod
!SESSION 2018-09-25 19:35:29.416 -----------------------------------------------
eclipse.buildId=unknown
java.fullversion=8.0.5.0 - pwa6480sr5-20170905_01(SR5)
JRE 1.8.0 IBM J9 2.9 Windows 10 amd64-64 Compressed References 20170901_363591 (JIT enabled, AOT enabled)
J9VM - d56eb84
JIT  - tr.open_20170901_140853_d56eb84
OMR  - b033a01
BootLoader constants: OS=win32, ARCH=x86_64, WS=win32, NL=en
Command-line arguments:  -clean -nl en -configuration C:\Users\Lenovo\Desktop\IBM\.metadata\workspace_oplrun

!ENTRY ilog.odms.ide.opllang.remote 1 0 2018-09-25 19:35:29.416
!MESSAGE Run Default Configuration in C:/Users/Lenovo/Desktop/IBM/oil
!SESSION 2018-09-25 22:04:32.372 -----------------------------------------------
eclipse.buildId=unknown
java.fullversion=8.0.5.0 - pwa6480sr5-20170905_01(SR5)
JRE 1.8.0 IBM J9 2.9 Windows 10 amd64-64 Compressed References 20170901_363591 (JIT enabled, AOT enabled)
J9VM - d56eb84
JIT  - tr.open_20170901_140853_d56eb84
OMR  - b033a01
BootLoader constants: OS=win32, ARCH=x86_64, WS=win32, NL=en
Command-line arguments:  -clean -nl en -configuration C:\Users\Lenovo\Desktop\IBM\.metadata\workspace_oplrun

!ENTRY ilog.odms.ide.opllang.remote 1 0 2018-09-25 22:04:32.373
!MESSAGE Run Basic Configuration in C:/Users/Lenovo/Desktop/IBM/transp
